# JRE version: 7.0_25-b17
# Java VM: Java HotSpot(TM) 64-Bit Server VM (23.25-b01 mixed mode windows-amd64 compressed oops)
Heap
 PSYoungGen      total 318272K, used 140794K [0x00000000eb400000, 0x00000000fffc0000, 0x0000000100000000)
  eden space 318080K, 44% used [0x00000000eb400000,0x00000000f3d56878,0x00000000feaa0000)
  from space 192K, 83% used [0x00000000feaa0000,0x00000000feac8000,0x00000000fead0000)
  to   space 10816K, 0% used [0x00000000ff530000,0x00000000ff530000,0x00000000fffc0000)
 ParOldGen       total 42496K, used 31166K [0x00000000c1c00000, 0x00000000c4580000, 0x00000000eb400000)
  object space 42496K, 73% used [0x00000000c1c00000,0x00000000c3a6fad8,0x00000000c4580000)
 PSPermGen       total 22784K, used 22593K [0x00000000bca00000, 0x00000000be040000, 0x00000000c1c00000)
  object space 22784K, 99% used [0x00000000bca00000,0x00000000be010690,0x00000000be040000)
GC Heap History (10 events):
Event: 16.927 GC heap before
{Heap before GC invocations=9 (full 0):
 PSYoungGen      total 136512K, used 128641K [0x00000000eb400000, 0x00000000f4220000, 0x0000000100000000)
  eden space 127872K, 100% used [0x00000000eb400000,0x00000000f30e0000,0x00000000f30e0000)
  from space 8640K, 8% used [0x00000000f3970000,0x00000000f3a306f0,0x00000000f41e0000)
  to   space 8768K, 0% used [0x00000000f30e0000,0x00000000f30e0000,0x00000000f3970000)
 ParOldGen       total 42496K, used 22609K [0x00000000c1c00000, 0x00000000c4580000, 0x00000000eb400000)
  object space 42496K, 53% used [0x00000000c1c00000,0x00000000c32144e0,0x00000000c4580000)
 PSPermGen       total 22400K, used 22350K [0x00000000bca00000, 0x00000000bdfe0000, 0x00000000c1c00000)
  object space 22400K, 99% used [0x00000000bca00000,0x00000000bdfd3910,0x00000000bdfe0000)
Event: 16.933 GC heap after
Heap after GC invocations=9 (full 0):
 PSYoungGen      total 136640K, used 8018K [0x00000000eb400000, 0x00000000f8f50000, 0x0000000100000000)
  eden space 127872K, 0% used [0x00000000eb400000,0x00000000eb400000,0x00000000f30e0000)
  from space 8768K, 91% used [0x00000000f30e0000,0x00000000f38b4958,0x00000000f3970000)
  to   space 9984K, 0% used [0x00000000f8590000,0x00000000f8590000,0x00000000f8f50000)
 ParOldGen       total 42496K, used 23159K [0x00000000c1c00000, 0x00000000c4580000, 0x00000000eb400000)
  object space 42496K, 54% used [0x00000000c1c00000,0x00000000c329de80,0x00000000c4580000)
 PSPermGen       total 22400K, used 22350K [0x00000000bca00000, 0x00000000bdfe0000, 0x00000000c1c00000)
  object space 22400K, 99% used [0x00000000bca00000,0x00000000bdfd3910,0x00000000bdfe0000)
}
Event: 27.475 GC heap before
{Heap before GC invocations=10 (full 0):
 PSYoungGen      total 136640K, used 135890K [0x00000000eb400000, 0x00000000f8f50000, 0x0000000100000000)
  eden space 127872K, 100% used [0x00000000eb400000,0x00000000f30e0000,0x00000000f30e0000)
  from space 8768K, 91% used [0x00000000f30e0000,0x00000000f38b4958,0x00000000f3970000)
  to   space 9984K, 0% used [0x00000000f8590000,0x00000000f8590000,0x00000000f8f50000)
 ParOldGen       total 42496K, used 23159K [0x00000000c1c00000, 0x00000000c4580000, 0x00000000eb400000)
  object space 42496K, 54% used [0x00000000c1c00000,0x00000000c329de80,0x00000000c4580000)
 PSPermGen       total 22592K, used 22464K [0x00000000bca00000, 0x00000000be010000, 0x00000000c1c00000)
  object space 22592K, 99% used [0x00000000bca00000,0x00000000bdff0130,0x00000000be010000)
Event: 27.481 GC heap after
Heap after GC invocations=10 (full 0):
 PSYoungGen      total 213760K, used 8056K [0x00000000eb400000, 0x00000000f90f0000, 0x0000000100000000)
  eden space 203776K, 0% used [0x00000000eb400000,0x00000000eb400000,0x00000000f7b00000)
  from space 9984K, 80% used [0x00000000f8590000,0x00000000f8d6e138,0x00000000f8f50000)
  to   space 10816K, 0% used [0x00000000f7b00000,0x00000000f7b00000,0x00000000f8590000)
 ParOldGen       total 42496K, used 23167K [0x00000000c1c00000, 0x00000000c4580000, 0x00000000eb400000)
  object space 42496K, 54% used [0x00000000c1c00000,0x00000000c329fe80,0x00000000c4580000)
 PSPermGen       total 22592K, used 22464K [0x00000000bca00000, 0x00000000be010000, 0x00000000c1c00000)
  object space 22592K, 99% used [0x00000000bca00000,0x00000000bdff0130,0x00000000be010000)
}
Event: 43.156 GC heap before
{Heap before GC invocations=11 (full 0):
 PSYoungGen      total 213760K, used 211832K [0x00000000eb400000, 0x00000000f90f0000, 0x0000000100000000)
  eden space 203776K, 100% used [0x00000000eb400000,0x00000000f7b00000,0x00000000f7b00000)
  from space 9984K, 80% used [0x00000000f8590000,0x00000000f8d6e138,0x00000000f8f50000)
  to   space 10816K, 0% used [0x00000000f7b00000,0x00000000f7b00000,0x00000000f8590000)
 ParOldGen       total 42496K, used 23167K [0x00000000c1c00000, 0x00000000c4580000, 0x00000000eb400000)
  object space 42496K, 54% used [0x00000000c1c00000,0x00000000c329fe80,0x00000000c4580000)
 PSPermGen       total 22592K, used 22503K [0x00000000bca00000, 0x00000000be010000, 0x00000000c1c00000)
  object space 22592K, 99% used [0x00000000bca00000,0x00000000bdff9c48,0x00000000be010000)
Event: 43.163 GC heap after
Heap after GC invocations=11 (full 0):
 PSYoungGen      total 214592K, used 272K [0x00000000eb400000, 0x0000000100000000, 0x0000000100000000)
  eden space 203776K, 0% used [0x00000000eb400000,0x00000000eb400000,0x00000000f7b00000)
  from space 10816K, 2% used [0x00000000f7b00000,0x00000000f7b44010,0x00000000f8590000)
  to   space 10944K, 0% used [0x00000000ff550000,0x00000000ff550000,0x0000000100000000)
 ParOldGen       total 42496K, used 31070K [0x00000000c1c00000, 0x00000000c4580000, 0x00000000eb400000)
  object space 42496K, 73% used [0x00000000c1c00000,0x00000000c3a57ad8,0x00000000c4580000)
 PSPermGen       total 22592K, used 22503K [0x00000000bca00000, 0x00000000be010000, 0x00000000c1c00000)
  object space 22592K, 99% used [0x00000000bca00000,0x00000000bdff9c48,0x00000000be010000)
}
Event: 57.044 GC heap before
{Heap before GC invocations=12 (full 0):
 PSYoungGen      total 214592K, used 204048K [0x00000000eb400000, 0x0000000100000000, 0x0000000100000000)
  eden space 203776K, 100% used [0x00000000eb400000,0x00000000f7b00000,0x00000000f7b00000)
  from space 10816K, 2% used [0x00000000f7b00000,0x00000000f7b44010,0x00000000f8590000)
  to   space 10944K, 0% used [0x00000000ff550000,0x00000000ff550000,0x0000000100000000)
 ParOldGen       total 42496K, used 31070K [0x00000000c1c00000, 0x00000000c4580000, 0x00000000eb400000)
  object space 42496K, 73% used [0x00000000c1c00000,0x00000000c3a57ad8,0x00000000c4580000)
 PSPermGen       total 22592K, used 22538K [0x00000000bca00000, 0x00000000be010000, 0x00000000c1c00000)
  object space 22592K, 99% used [0x00000000bca00000,0x00000000be002b38,0x00000000be010000)
Event: 57.046 GC heap after
Heap after GC invocations=12 (full 0):
 PSYoungGen      total 329024K, used 256K [0x00000000eb400000, 0x0000000100000000, 0x0000000100000000)
  eden space 318080K, 0% used [0x00000000eb400000,0x00000000eb400000,0x00000000feaa0000)
  from space 10944K, 2% used [0x00000000ff550000,0x00000000ff590000,0x0000000100000000)
  to   space 10944K, 0% used [0x00000000feaa0000,0x00000000feaa0000,0x00000000ff550000)
 ParOldGen       total 42496K, used 31110K [0x00000000c1c00000, 0x00000000c4580000, 0x00000000eb400000)
  object space 42496K, 73% used [0x00000000c1c00000,0x00000000c3a61ad8,0x00000000c4580000)
 PSPermGen       total 22592K, used 22538K [0x00000000bca00000, 0x00000000be010000, 0x00000000c1c00000)
  object space 22592K, 99% used [0x00000000bca00000,0x00000000be002b38,0x00000000be010000)
}
Event: 67.348 GC heap before
{Heap before GC invocations=13 (full 0):
 PSYoungGen      total 329024K, used 318336K [0x00000000eb400000, 0x0000000100000000, 0x0000000100000000)
  eden space 318080K, 100% used [0x00000000eb400000,0x00000000feaa0000,0x00000000feaa0000)
  from space 10944K, 2% used [0x00000000ff550000,0x00000000ff590000,0x0000000100000000)
  to   space 10944K, 0% used [0x00000000feaa0000,0x00000000feaa0000,0x00000000ff550000)
 ParOldGen       total 42496K, used 31110K [0x00000000c1c00000, 0x00000000c4580000, 0x00000000eb400000)
  object space 42496K, 73% used [0x00000000c1c00000,0x00000000c3a61ad8,0x00000000c4580000)
 PSPermGen       total 22592K, used 22574K [0x00000000bca00000, 0x00000000be010000, 0x00000000c1c00000)
  object space 22592K, 99% used [0x00000000bca00000,0x00000000be00ba70,0x00000000be010000)
Event: 67.349 GC heap after
Heap after GC invocations=13 (full 0):
 PSYoungGen      total 318272K, used 160K [0x00000000eb400000, 0x00000000fffc0000, 0x0000000100000000)
  eden space 318080K, 0% used [0x00000000eb400000,0x00000000eb400000,0x00000000feaa0000)
  from space 192K, 83% used [0x00000000feaa0000,0x00000000feac8000,0x00000000fead0000)
  to   space 10816K, 0% used [0x00000000ff530000,0x00000000ff530000,0x00000000fffc0000)
 ParOldGen       total 42496K, used 31166K [0x00000000c1c00000, 0x00000000c4580000, 0x00000000eb400000)
  object space 42496K, 73% used [0x00000000c1c00000,0x00000000c3a6fad8,0x00000000c4580000)
 PSPermGen       total 22592K, used 22574K [0x00000000bca00000, 0x00000000be010000, 0x00000000c1c00000)
  object space 22592K, 99% used [0x00000000bca00000,0x00000000be00ba70,0x00000000be010000)
}

