# JRE version: 7.0_25-b17
# Java VM: Java HotSpot(TM) 64-Bit Server VM (23.25-b01 mixed mode windows-amd64 compressed oops)
Heap
 PSYoungGen      total 325248K, used 284912K [0x00000000eb400000, 0x0000000100000000, 0x0000000100000000)
  eden space 310656K, 91% used [0x00000000eb400000,0x00000000fca0c2b0,0x00000000fe360000)
  from space 14592K, 1% used [0x00000000ff150000,0x00000000ff180000,0x00000000fff90000)
  to   space 14272K, 0% used [0x00000000fe360000,0x00000000fe360000,0x00000000ff150000)
 ParOldGen       total 57856K, used 29851K [0x00000000c1c00000, 0x00000000c5480000, 0x00000000eb400000)
  object space 57856K, 51% used [0x00000000c1c00000,0x00000000c3926cd0,0x00000000c5480000)
 PSPermGen       total 45120K, used 22636K [0x00000000bca00000, 0x00000000bf610000, 0x00000000c1c00000)
  object space 45120K, 50% used [0x00000000bca00000,0x00000000be01b1e0,0x00000000bf610000)
GC Heap History (10 events):
Event: 35.939 GC heap before
{Heap before GC invocations=11 (full 0):
 PSYoungGen      total 218048K, used 214028K [0x00000000eb400000, 0x00000000f9920000, 0x0000000100000000)
  eden space 203968K, 100% used [0x00000000eb400000,0x00000000f7b30000,0x00000000f7b30000)
  from space 14080K, 71% used [0x00000000f89c0000,0x00000000f9393088,0x00000000f9780000)
  to   space 14912K, 0% used [0x00000000f7b30000,0x00000000f7b30000,0x00000000f89c0000)
 ParOldGen       total 42496K, used 23492K [0x00000000c1c00000, 0x00000000c4580000, 0x00000000eb400000)
  object space 42496K, 55% used [0x00000000c1c00000,0x00000000c32f13e0,0x00000000c4580000)
 PSPermGen       total 22592K, used 22553K [0x00000000bca00000, 0x00000000be010000, 0x00000000c1c00000)
  object space 22592K, 99% used [0x00000000bca00000,0x00000000be0065d8,0x00000000be010000)
Event: 35.948 GC heap after
Heap after GC invocations=11 (full 0):
 PSYoungGen      total 218880K, used 384K [0x00000000eb400000, 0x0000000100000000, 0x0000000100000000)
  eden space 203968K, 0% used [0x00000000eb400000,0x00000000eb400000,0x00000000f7b30000)
  from space 14912K, 2% used [0x00000000f7b30000,0x00000000f7b90000,0x00000000f89c0000)
  to   space 14912K, 0% used [0x00000000ff170000,0x00000000ff170000,0x0000000100000000)
 ParOldGen       total 42496K, used 33359K [0x00000000c1c00000, 0x00000000c4580000, 0x00000000eb400000)
  object space 42496K, 78% used [0x00000000c1c00000,0x00000000c3c93e68,0x00000000c4580000)
 PSPermGen       total 22592K, used 22553K [0x00000000bca00000, 0x00000000be010000, 0x00000000c1c00000)
  object space 22592K, 99% used [0x00000000bca00000,0x00000000be0065d8,0x00000000be010000)
}
Event: 35.948 GC heap before
{Heap before GC invocations=12 (full 1):
 PSYoungGen      total 218880K, used 384K [0x00000000eb400000, 0x0000000100000000, 0x0000000100000000)
  eden space 203968K, 0% used [0x00000000eb400000,0x00000000eb400000,0x00000000f7b30000)
  from space 14912K, 2% used [0x00000000f7b30000,0x00000000f7b90000,0x00000000f89c0000)
  to   space 14912K, 0% used [0x00000000ff170000,0x00000000ff170000,0x0000000100000000)
 ParOldGen       total 42496K, used 33359K [0x00000000c1c00000, 0x00000000c4580000, 0x00000000eb400000)
  object space 42496K, 78% used [0x00000000c1c00000,0x00000000c3c93e68,0x00000000c4580000)
 PSPermGen       total 22592K, used 22553K [0x00000000bca00000, 0x00000000be010000, 0x00000000c1c00000)
  object space 22592K, 99% used [0x00000000bca00000,0x00000000be0065d8,0x00000000be010000)
Event: 36.027 GC heap after
Heap after GC invocations=12 (full 1):
 PSYoungGen      total 218880K, used 0K [0x00000000eb400000, 0x0000000100000000, 0x0000000100000000)
  eden space 203968K, 0% used [0x00000000eb400000,0x00000000eb400000,0x00000000f7b30000)
  from space 14912K, 0% used [0x00000000f7b30000,0x00000000f7b30000,0x00000000f89c0000)
  to   space 14912K, 0% used [0x00000000ff170000,0x00000000ff170000,0x0000000100000000)
 ParOldGen       total 57856K, used 29531K [0x00000000c1c00000, 0x00000000c5480000, 0x00000000eb400000)
  object space 57856K, 51% used [0x00000000c1c00000,0x00000000c38d6cd0,0x00000000c5480000)
 PSPermGen       total 45120K, used 22544K [0x00000000bca00000, 0x00000000bf610000, 0x00000000c1c00000)
  object space 45120K, 49% used [0x00000000bca00000,0x00000000be004268,0x00000000bf610000)
}
Event: 50.116 GC heap before
{Heap before GC invocations=13 (full 1):
 PSYoungGen      total 218880K, used 203968K [0x00000000eb400000, 0x0000000100000000, 0x0000000100000000)
  eden space 203968K, 100% used [0x00000000eb400000,0x00000000f7b30000,0x00000000f7b30000)
  from space 14912K, 0% used [0x00000000f7b30000,0x00000000f7b30000,0x00000000f89c0000)
  to   space 14912K, 0% used [0x00000000ff170000,0x00000000ff170000,0x0000000100000000)
 ParOldGen       total 57856K, used 29531K [0x00000000c1c00000, 0x00000000c5480000, 0x00000000eb400000)
  object space 57856K, 51% used [0x00000000c1c00000,0x00000000c38d6cd0,0x00000000c5480000)
 PSPermGen       total 45120K, used 22601K [0x00000000bca00000, 0x00000000bf610000, 0x00000000c1c00000)
  object space 45120K, 50% used [0x00000000bca00000,0x00000000be012678,0x00000000bf610000)
Event: 50.123 GC heap after
Heap after GC invocations=13 (full 1):
 PSYoungGen      total 324928K, used 352K [0x00000000eb400000, 0x00000000fffe0000, 0x0000000100000000)
  eden space 310144K, 0% used [0x00000000eb400000,0x00000000eb400000,0x00000000fe2e0000)
  from space 14784K, 2% used [0x00000000ff170000,0x00000000ff1c8000,0x00000000fffe0000)
  to   space 14848K, 0% used [0x00000000fe2e0000,0x00000000fe2e0000,0x00000000ff160000)
 ParOldGen       total 57856K, used 29531K [0x00000000c1c00000, 0x00000000c5480000, 0x00000000eb400000)
  object space 57856K, 51% used [0x00000000c1c00000,0x00000000c38d6cd0,0x00000000c5480000)
 PSPermGen       total 45120K, used 22601K [0x00000000bca00000, 0x00000000bf610000, 0x00000000c1c00000)
  object space 45120K, 50% used [0x00000000bca00000,0x00000000be012678,0x00000000bf610000)
}
Event: 60.423 GC heap before
{Heap before GC invocations=14 (full 1):
 PSYoungGen      total 324928K, used 310496K [0x00000000eb400000, 0x00000000fffe0000, 0x0000000100000000)
  eden space 310144K, 100% used [0x00000000eb400000,0x00000000fe2e0000,0x00000000fe2e0000)
  from space 14784K, 2% used [0x00000000ff170000,0x00000000ff1c8000,0x00000000fffe0000)
  to   space 14848K, 0% used [0x00000000fe2e0000,0x00000000fe2e0000,0x00000000ff160000)
 ParOldGen       total 57856K, used 29531K [0x00000000c1c00000, 0x00000000c5480000, 0x00000000eb400000)
  object space 57856K, 51% used [0x00000000c1c00000,0x00000000c38d6cd0,0x00000000c5480000)
 PSPermGen       total 45120K, used 22617K [0x00000000bca00000, 0x00000000bf610000, 0x00000000c1c00000)
  object space 45120K, 50% used [0x00000000bca00000,0x00000000be016540,0x00000000bf610000)
Event: 60.424 GC heap after
Heap after GC invocations=14 (full 1):
 PSYoungGen      total 310400K, used 256K [0x00000000eb400000, 0x00000000fff90000, 0x0000000100000000)
  eden space 310144K, 0% used [0x00000000eb400000,0x00000000eb400000,0x00000000fe2e0000)
  from space 256K, 100% used [0x00000000fe2e0000,0x00000000fe320000,0x00000000fe320000)
  to   space 14592K, 0% used [0x00000000ff150000,0x00000000ff150000,0x00000000fff90000)
 ParOldGen       total 57856K, used 29795K [0x00000000c1c00000, 0x00000000c5480000, 0x00000000eb400000)
  object space 57856K, 51% used [0x00000000c1c00000,0x00000000c3918cd0,0x00000000c5480000)
 PSPermGen       total 45120K, used 22617K [0x00000000bca00000, 0x00000000bf610000, 0x00000000c1c00000)
  object space 45120K, 50% used [0x00000000bca00000,0x00000000be016540,0x00000000bf610000)
}
Event: 70.724 GC heap before
{Heap before GC invocations=15 (full 1):
 PSYoungGen      total 310400K, used 310400K [0x00000000eb400000, 0x00000000fff90000, 0x0000000100000000)
  eden space 310144K, 100% used [0x00000000eb400000,0x00000000fe2e0000,0x00000000fe2e0000)
  from space 256K, 100% used [0x00000000fe2e0000,0x00000000fe320000,0x00000000fe320000)
  to   space 14592K, 0% used [0x00000000ff150000,0x00000000ff150000,0x00000000fff90000)
 ParOldGen       total 57856K, used 29795K [0x00000000c1c00000, 0x00000000c5480000, 0x00000000eb400000)
  object space 57856K, 51% used [0x00000000c1c00000,0x00000000c3918cd0,0x00000000c5480000)
 PSPermGen       total 45120K, used 22620K [0x00000000bca00000, 0x00000000bf610000, 0x00000000c1c00000)
  object space 45120K, 50% used [0x00000000bca00000,0x00000000be017250,0x00000000bf610000)
Event: 70.725 GC heap after
Heap after GC invocations=15 (full 1):
 PSYoungGen      total 325248K, used 192K [0x00000000eb400000, 0x0000000100000000, 0x0000000100000000)
  eden space 310656K, 0% used [0x00000000eb400000,0x00000000eb400000,0x00000000fe360000)
  from space 14592K, 1% used [0x00000000ff150000,0x00000000ff180000,0x00000000fff90000)
  to   space 14272K, 0% used [0x00000000fe360000,0x00000000fe360000,0x00000000ff150000)
 ParOldGen       total 57856K, used 29851K [0x00000000c1c00000, 0x00000000c5480000, 0x00000000eb400000)
  object space 57856K, 51% used [0x00000000c1c00000,0x00000000c3926cd0,0x00000000c5480000)
 PSPermGen       total 45120K, used 22620K [0x00000000bca00000, 0x00000000bf610000, 0x00000000c1c00000)
  object space 45120K, 50% used [0x00000000bca00000,0x00000000be017250,0x00000000bf610000)
}

